This is TeX, Version 3.14159 (Web2C 7.3.1) (format=latex 2002.5.16)  23 MAR 2005 13:26
**./images.tex
(./images.tex
LaTeX2e <2000/06/01>
Babel <v3.7h> and hyphenation patterns for american, french, german, ngerman, i
talian, portuges, nohyphenation, loaded.

(/usr/share/texmf/tex/latex/base/article.cls
Document Class: article 2000/05/19 v1.4b Standard LaTeX document class
(/usr/share/texmf/tex/latex/base/size10.clo
File: size10.clo 2000/05/19 v1.4b Standard LaTeX file (size option)
)
\c@part=\count79
\c@section=\count80
\c@subsection=\count81
\c@subsubsection=\count82
\c@paragraph=\count83
\c@subparagraph=\count84
\c@figure=\count85
\c@table=\count86
\abovecaptionskip=\skip41
\belowcaptionskip=\skip42
\bibindent=\dimen102
) (/usr/share/texmf/tex/latex/base/ifthen.sty
Package: ifthen 1999/09/10 v1.1b Standard LaTeX ifthen package (DPC)
) (/usr/share/texmf/tex/latex/base/inputenc.sty
Package: inputenc 2000/07/01 v0.996 Input encoding file 
(/usr/share/texmf/tex/latex/base/latin1.def
File: latin1.def 2000/07/01 v0.996 Input encoding file 
)) (/usr/share/texmf/tex/generic/babel/babel.sty
Package: babel 2001/03/01 v3.7h The Babel package
(/usr/share/texmf/tex/generic/babel/portuges.ldf
Language: portuges 2001/02/16 v1.2o Portuguese support from the babel system
(/usr/share/texmf/tex/generic/babel/babel.def
File: babel.def 2001/03/01 v3.7h Babel common definitions
\babel@savecnt=\count87
\U@D=\dimen103
)
\l@brazil = a dialect from \language\l@portuges 
Package babel Info: Making " an active character on input line 126.
)) (/usr/share/texmf/tex/latex/graphics/epsfig.sty
Package: epsfig 1999/02/16 v1.7a (e)psfig emulation (SPQR)
(/usr/share/texmf/tex/latex/graphics/graphicx.sty
Package: graphicx 1999/02/16 v1.0f Enhanced LaTeX Graphics (DPC,SPQR)
(/usr/share/texmf/tex/latex/graphics/keyval.sty
Package: keyval 1999/03/16 v1.13 key=value parser (DPC)
\KV@toks@=\toks14
) (/usr/share/texmf/tex/latex/graphics/graphics.sty
Package: graphics 1999/02/16 v1.0l Standard LaTeX Graphics (DPC,SPQR)
(/usr/share/texmf/tex/latex/graphics/trig.sty
Package: trig 1999/03/16 v1.09 sin cos tan (DPC)
) (/usr/share/texmf/tex/latex/config/graphics.cfg)
Package graphics Info: Driver file: dvips.def on input line 80.
(/usr/share/texmf/tex/latex/graphics/dvips.def
File: dvips.def 1999/02/16 v3.0i Driver-dependant file (DPC,SPQR)
))
\Gin@req@height=\dimen104
\Gin@req@width=\dimen105
)
\epsfxsize=\dimen106
\epsfysize=\dimen107
) (/usr/share/texmf/tex/latex/base/latexsym.sty
Package: latexsym 1998/08/17 v2.2e Standard LaTeX package (lasy symbols)
\symlasy=\mathgroup4
LaTeX Font Info:    Overwriting symbol font `lasy' in version `bold'
(Font)                  U/lasy/m/n --> U/lasy/b/n on input line 42.
) (/usr/share/texmf/tex/latex/graphics/color.sty
Package: color 1999/02/16 v1.0i Standard LaTeX Color (DPC)
(/usr/share/texmf/tex/latex/config/color.cfg)
Package color Info: Driver file: dvips.def on input line 125.
(/usr/share/texmf/tex/latex/graphics/dvipsnam.def
File: dvipsnam.def 1999/02/16 v3.0i Driver-dependant file (DPC,SPQR)
))
\sizebox=\box26
\lthtmlwrite=\write3
(images.aux)
\openout1 = `images.aux'.

LaTeX Font Info:    Checking defaults for OML/cmm/m/it on input line 114.
LaTeX Font Info:    ... okay on input line 114.
LaTeX Font Info:    Checking defaults for T1/cmr/m/n on input line 114.
LaTeX Font Info:    ... okay on input line 114.
LaTeX Font Info:    Checking defaults for OT1/cmr/m/n on input line 114.
LaTeX Font Info:    ... okay on input line 114.
LaTeX Font Info:    Checking defaults for OMS/cmsy/m/n on input line 114.
LaTeX Font Info:    ... okay on input line 114.
LaTeX Font Info:    Checking defaults for OMX/cmex/m/n on input line 114.
LaTeX Font Info:    ... okay on input line 114.
LaTeX Font Info:    Checking defaults for U/cmr/m/n on input line 114.
LaTeX Font Info:    ... okay on input line 114.

latex2htmlLength hsize=349.0pt

latex2htmlLength vsize=650.28151pt

latex2htmlLength hoffset=0.0pt

latex2htmlLength voffset=0.0pt

latex2htmlLength topmargin=0.0pt

latex2htmlLength topskip=0.00003pt

latex2htmlLength headheight=0.0pt

latex2htmlLength headsep=0.0pt

latex2htmlLength parskip=0.0pt plus 1.0pt

latex2htmlLength oddsidemargin=0.0pt

latex2htmlLength evensidemargin=0.0pt

LaTeX Font Info:    External font `cmex10' loaded for size
(Font)              <7> on input line 138.
LaTeX Font Info:    External font `cmex10' loaded for size
(Font)              <5> on input line 138.
LaTeX Font Info:    Try loading font information for U+lasy on input line 138.
(/usr/share/texmf/tex/latex/base/ulasy.fd
File: ulasy.fd 1998/08/17 v2.2eLaTeX symbol font definitions
)
l2hSize :tex2html_wrap_inline287:6.45831pt::0.0pt::8.27783pt.
[1



]
l2hSize :tex2html_wrap_inline289:8.0pt::8.0pt::33.23383pt.
[2


]
l2hSize :tex2html_wrap_inline291:6.45831pt::0.0pt::6.2153pt.
[3


]
l2hSize :tex2html_wrap_inline293:6.95831pt::6.95831pt::5.76163pt.
[4


]
l2hSize :tex2html_wrap_inline295:6.45831pt::0.0pt::5.59033pt.
[5


]
l2hSize :tex2html_wrap_inline297:6.45831pt::0.0pt::6.93407pt.
[6


]
l2hSize :tex2html_wrap_inline299:7.44444pt::7.44444pt::6.68405pt.
[7


]
l2hSize :tex2html_wrap_inline301:6.95831pt::6.95831pt::6.23288pt.
[8


]
l2hSize :tex2html_wrap_inline315:6.95831pt::6.95831pt::21.58403pt.
[9


]
l2hSize :tex2html_wrap_inline317:6.95831pt::6.95831pt::20.77158pt.
[10


]
l2hSize :tex2html_wrap_inline319:6.95831pt::6.95831pt::20.51926pt.
[11


]
l2hSize :tex2html_wrap_inline321:6.94444pt::0.0pt::3.6806pt.
[12


]
l2hSize :displaymath261:13.49998pt::0.0pt::349.0pt.
[13


]
l2hSize :displaymath262:13.94444pt::0.0pt::349.0pt.
[14


]
l2hSize :displaymath263:13.49998pt::0.0pt::349.0pt.
[15


]
l2hSize :tex2html_wrap_inline347:6.95831pt::6.95831pt::40.63252pt.
[16


]
l2hSize :tex2html_wrap_inline349:7.44444pt::7.44444pt::56.03523pt.
[17


]
l2hSize :tex2html_wrap_inline351:6.95831pt::6.95831pt::39.3664pt.
[18


]
l2hSize :tex2html_wrap_inline353:7.44444pt::7.44444pt::54.7691pt.
[19


]
l2hSize :tex2html_wrap_inline355:6.95831pt::6.95831pt::38.94278pt.
[20


]
l2hSize :tex2html_wrap_inline357:7.44444pt::7.44444pt::54.34549pt.
[21


]
l2hSize :tex2html_wrap_inline365:6.95831pt::6.95831pt::22.68379pt.
[22


]
l2hSize :tex2html_wrap_inline367:6.95831pt::6.95831pt::21.87134pt.
[23


]
l2hSize :tex2html_wrap_inline369:6.95831pt::6.95831pt::21.61902pt.
[24


]
l2hSize :displaymath264:13.49998pt::0.0pt::349.0pt.
[25


]
l2hSize :displaymath265:13.94444pt::0.0pt::349.0pt.
[26


]
l2hSize :displaymath266:13.49998pt::0.0pt::349.0pt.
[27


]
l2hSize :tex2html_wrap_inline413:6.95831pt::6.95831pt::41.73228pt.
[28


]
l2hSize :tex2html_wrap_inline417:6.95831pt::6.95831pt::40.46616pt.
[29


]
l2hSize :tex2html_wrap_inline421:6.95831pt::6.95831pt::40.04254pt.
[30


]
l2hSize :displaymath267:14.5pt::0.0pt::349.0pt.
[31


]
l2hSize :tex2html_wrap_inline423:6.45831pt::0.0pt::5.78592pt.
[32


]
l2hSize :tex2html_wrap_inline425:6.94444pt::0.0pt::4.79169pt.
[33


]
l2hSize :tex2html_wrap_inline427:6.45831pt::0.0pt::4.82759pt.
[34


]
l2hSize :tex2html_wrap_inline429:6.94444pt::0.0pt::5.7049pt.
[35


]
l2hSize :displaymath268:14.5pt::0.0pt::349.0pt.
[36


]
l2hSize :tex2html_wrap_inline431:6.95831pt::6.95831pt::8.27783pt.
[37


]
l2hSize :tex2html_wrap_inline433:6.95831pt::6.95831pt::8.27783pt.
[38


]
l2hSize :displaymath269:25.43121pt::0.0pt::349.0pt.
[39


]
l2hSize :tex2html_wrap_inline435:6.95831pt::6.95831pt::10.27205pt.
[40


]
l2hSize :tex2html_wrap_inline437:7.44444pt::7.44444pt::9.27782pt.
[41


]
l2hSize :tex2html_wrap_inline439:6.95831pt::6.95831pt::9.31372pt.
[42


]
l2hSize :tex2html_wrap_inline441:6.95831pt::6.95831pt::10.27205pt.
[43


]
l2hSize :tex2html_wrap_inline443:7.44444pt::7.44444pt::9.27782pt.
[44


]
l2hSize :tex2html_wrap_inline445:6.95831pt::6.95831pt::9.31372pt.
[45


]
l2hSize :tex2html_wrap_inline449:8.0pt::8.0pt::44.53015pt.
[46


]
l2hSize :tex2html_wrap_inline451:8.0pt::8.0pt::44.53015pt.
[47


]
l2hSize :tex2html_wrap_inline469:7.44444pt::7.44444pt::80.641pt.
[48


]
l2hSize :displaymath270:13.94444pt::0.0pt::349.0pt.
[49


]
l2hSize :displaymath271:13.94444pt::0.0pt::349.0pt.
[50


]
l2hSize :displaymath272:13.94444pt::0.0pt::349.0pt.
[51


]
l2hSize :displaymath273:14.5pt::0.0pt::349.0pt.
[52


]
l2hSize :tex2html_wrap_inline479:6.45831pt::0.0pt::4.11115pt.
[53


]
l2hSize :tex2html_wrap_inline533:8.0pt::8.0pt::32.1667pt.
[54


]
l2hSize :tex2html_wrap_inline535:8.14003pt::0.0pt::21.2362pt.
[55


]
l2hSize :tex2html_wrap_inline539:6.45831pt::0.0pt::24.54854pt.
[56


] (images.aux) ) 
Here is how much of TeX's memory you used:
 1153 strings out of 20882
 13853 string characters out of 197281
 61577 words of memory out of 350001
 4129 multiletter control sequences out of 10000+15000
 3958 words of font info for 17 fonts, out of 400000 for 1000
 16 hyphenation exceptions out of 10000
 32i,5n,24p,225b,217s stack positions out of 3000i,100n,1500p,50000b,4000s

Output written on images.dvi (56 pages, 12584 bytes).
